GET /api/users/me 304 - - 11.499 ms
GET /api-docs/ 304 - - 16.774 ms
GET /api-docs/swagger-ui.css 304 - - 3.721 ms
GET /api-docs/swagger-ui-init.js 304 - - 0.999 ms
GET /api-docs/swagger-ui-bundle.js 304 - - 3.993 ms
GET /api-docs/swagger-ui-standalone-preset.js 304 - - 3.270 ms
GET /api-docs/favicon-32x32.png 304 - - 1.335 ms
GET /uploads/1680246698696me.jpeg 304 - - 0.777 ms
GET /api/doctors/doctorappointments 304 - - 98.825 ms
GET /api/getappointments 304 - - 143.080 ms
GET /uploads/1680246698696me.jpeg 304 - - 1.199 ms
GET /api/getappointments 304 - - 51.943 ms
GET /api/doctors/doctorappointments 304 - - 76.152 ms
POST /api/users/upload 200 75 - 58.328 ms
GET /uploads/1680252454824pp2.png 200 39362 - 1.659 ms
POST /api/users/login 200 443 - 142.606 ms
GET /api/doctors/unapproved 200 2 - 33.397 ms
GET /api/users/getusers 201 398 - 31.246 ms
GET /api/doctors/unapproved 304 - - 2.599 ms
GET /api/doctors/unapproved 304 - - 2.465 ms
GET /api/doctors/unapproved 304 - - 1.370 ms
GET /api/doctors/unapproved 304 - - 4.324 ms
GET /api/doctors/getdoctors 201 2466 - 5.952 ms
GET /api/doctors/unapproved 304 - - 1.748 ms
GET /api/doctors/unapproved 304 - - 2.528 ms
GET /api/doctors/unapproved 304 - - 13.445 ms
GET /api/doctors/unapproved 304 - - 2.730 ms
GET /api/doctors/unapproved 304 - - 1.631 ms
GET /api/doctors/unapproved 304 - - 1.962 ms
GET /api/doctors/unapproved 304 - - 1.931 ms
GET /api/doctors/unapproved 304 - - 1.625 ms
GET /api/doctors/unapproved 304 - - 2.686 ms
GET /api/doctors/unapproved 304 - - 2.262 ms
GET /api/doctors/unapproved 304 - - 2.399 ms
GET /api/doctors/doctorappointments 304 - - 20.851 ms
GET /api/getappointments 200 1354 - 20.802 ms
GET /api/users/me 200 415 - 8.968 ms
GET /api/users/logout 304 - - 7.404 ms
POST /api/users/register 500 21 - 182.444 ms
POST /api/users/register 500 21 - 137.379 ms
POST /api/users/register 500 21 - 137.809 ms
POST /api/users/register 500 21 - 141.444 ms
POST /api/users/register 201 35 - 141.951 ms
POST /api/users/login 200 447 - 137.430 ms
GET /api/doctors/doctorappointments 401 12 - 19.661 ms
GET /api/getappointments 200 2 - 17.082 ms
GET /api/users/me 200 418 - 7.424 ms
GET /api/doctors/unapproved 304 - - 4.579 ms
GET /api/users/getusers 201 817 - 6.064 ms
GET /api/doctors/unapproved 304 - - 2.114 ms
GET /api/doctors/unapproved 304 - - 3.401 ms
GET /api/doctors/unapproved 304 - - 1.988 ms
GET /api/doctors/getdoctors 201 2466 - 11.616 ms
GET /api/doctors/unapproved 304 - - 9.903 ms
GET /api/doctors/unapproved 304 - - 2.478 ms
GET /api/doctors/unapproved 304 - - 2.000 ms
GET /api/doctors/unapproved 304 - - 1.609 ms
GET /api/doctors/unapproved 304 - - 2.749 ms
GET /api/doctors/unapproved 304 - - 2.449 ms
GET /api/doctors/unapproved 304 - - 1.755 ms
GET /api/doctors/unapproved 304 - - 1.934 ms
GET /api/doctors/unapproved 304 - - 1.491 ms
GET /api/doctors/unapproved 304 - - 1.886 ms
GET /api/doctors/unapproved 304 - - 2.589 ms
GET /api/doctors/unapproved 304 - - 2.026 ms
GET /api/doctors/doctorappointments 401 12 - 5.464 ms
GET /api/getappointments 304 - - 24.978 ms
POST /api/doctors/register 201 322 - 41.507 ms
GET /api/doctors/unapproved 200 471 - 3.053 ms
GET /api/users/getusers 201 817 - 5.853 ms
GET /api/doctors/unapproved 304 - - 3.353 ms
GET /api/doctors/unapproved 304 - - 2.532 ms
GET /api/doctors/unapproved 304 - - 2.793 ms
GET /api/doctors/unapproved 304 - - 4.244 ms
GET /api/doctors/unapproved 304 - - 20.444 ms
GET /api/doctors/getdoctors 201 2466 - 11.100 ms
GET /api/doctors/unapproved 304 - - 11.373 ms
GET /api/doctors/unapproved 304 - - 2.835 ms
GET /api/doctors/unapproved 304 - - 3.498 ms
GET /api/doctors/unapproved 304 - - 5.683 ms
GET /api/doctors/unapproved 304 - - 5.779 ms
GET /api/doctors/unapproved 304 - - 3.798 ms
GET /api/doctors/unapproved 304 - - 2.847 ms
GET /api/doctors/unapproved 304 - - 1.984 ms
GET /api/doctors/unapproved 304 - - 1.645 ms
GET /api/doctors/unapproved 304 - - 1.567 ms
GET /api/doctors/unapproved 304 - - 2.226 ms
GET /api/doctors/unapproved 304 - - 2.687 ms
GET /api/doctors/unapproved 304 - - 1.820 ms
GET /api/doctors/unapproved 304 - - 1.566 ms
GET /api/users/me 304 - - 2.574 ms
GET /api/doctors/unapproved 304 - - 2.338 ms
GET /api/users/getusers 201 817 - 5.227 ms
GET /api/doctors/unapproved 304 - - 1.724 ms
GET /api/doctors/unapproved 304 - - 3.260 ms
GET /api/doctors/unapproved 304 - - 2.421 ms
GET /api/doctors/getdoctors 201 2466 - 4.846 ms
GET /api/doctors/unapproved 304 - - 4.512 ms
GET /api/doctors/unapproved 304 - - 3.081 ms
GET /api/doctors/unapproved 304 - - 2.745 ms
GET /api/doctors/unapproved 304 - - 2.403 ms
GET /api/doctors/unapproved 304 - - 2.582 ms
GET /api/doctors/unapproved 304 - - 5.914 ms
GET /api/doctors/unapproved 304 - - 3.102 ms
GET /api/doctors/unapproved 304 - - 5.186 ms
GET /api/doctors/unapproved 304 - - 3.111 ms
GET /api/doctors/unapproved 304 - - 2.049 ms
GET /api/doctors/unapproved 304 - - 1.375 ms
GET /api/doctors/unapproved 304 - - 1.012 ms
GET /api/doctors/unapproved 304 - - 3.585 ms
POST /api/doctors/approve 200 35 - 23.969 ms
GET /api/users/me 200 455 - 3.485 ms
GET /api/doctors/doctorappointments 304 - - 3.661 ms
GET /api/getappointments 304 - - 2.843 ms
GET /api/users/logout 304 - - 22.513 ms
GET /api/users/me 500 20 - 4.428 ms
GET /api-docs/favicon-32x32.png 304 - - 5.357 ms
GET /api/getappointments 500 20 - 1.812 ms
GET /api/getappointments 500 20 - 1.006 ms
GET /api-docs/favicon-32x32.png 304 - - 6.015 ms
GET /api/users/deleteUser?id=6267227c641d765068603d7c 404 159 - 7.765 ms
GET /api/users/deleteUser?id=6267227c641d765068603d7c 404 159 - 0.956 ms
